ABDALLAH Abdelkader Iskander
ABDALLAH WIJDENE
ABDELGHANI Maher
ABDELKAFI MAHDI
ACHOUR SAMI
ACHOURI TALHA
ACHOURI RYMA
ADOUANI INES
AISSI RADOUCH Samira
AMARA  Ines
AMARA SIHEM
AMOURI EMNA
ATIG Akram
ATOUANI Noureddine
ATTIAOUI Walid
AYED Amine
BABBA RIM
BADRI Ilhem
BAHLOUL Riadh
BAHRIA NIHED
BAHROUN Fadhila
BANNOUR Hajer
BARHOUMI Nabil
BARIKA KTATA Farah
BAWEB BHOURI Ines
BAZINE Ahmed
BDIRI GABBOUJ Houda
BEL HADJ KHELIFA WAFA
BELGHITH Nader
BELGHITH Saoussen
BELHADJ MESSAOUD Najib
BELHADJ MOHAME RYM
BELHADJ Rachida
BELLAAJ AHMED
BELLALOUNA KAMEL
BELLAMINE Ilyes
BELTAIEF Ameni
BEN ABDALLAH Bayrem
BEN ABDELALI Hamdi
BEN ABDERAHMEN Monia
BEN AHMED Sofiene
BEN AHMED  Eya
BEN ALI Mounir
BEN AMOR FATMA
BEN ARFIA FATEN
BEN CHARRADA ROCHDI
BEN CHIEKH BEN HSAN Fatiha
BEN CHIKH HAJER
BEN CHIKHA HTIOUECH SOUKEINA
BEN CHRIFA Ali
BEN FTIMA FAKHER
BEN HADJ HAMOUDA Sondes
BEN HADJ SALAH Hend
BEN HAMMADI KACEM IYADH
BEN JEMAA Mourad Chokri
BEN KHALIFA Khaled
BEN LAMINE Mohammed Naceur
BEN MANSOUR Fethi
BEN MOHAMED MOHAMED LAKDAR
BEN NASRALLAH Samia
BEN NOOMENE SANA
BEN SALAH Ckokri
BEN SGHAIER Rabii
BEN SLIMANE Ichrak
BEN YAHYA ZEINEB
BENNOUR Fadhel
BLAICH AHMED GHAZI
BOUALLEGUE Kais
BOUANANI Imen
BOUDABBOUS MOHAMED
BOUDOKHANE Imene
BOUGOBBA Haythem
BOUGUEZZI Safa
BOUHLEL Fadia
BOUJEMAA Sami
BOUKADI Ahlem
BOUKADIDA HATEM
BOUZAKHER Bechir
BRAHIM Taoufik
BRINI Saoussen
CHAABA RABIAA
CHAABANE Haykel
CHAKROUN Nadia
CHAOUCH Najla
CHATTI Sami
CHEBBI Afef
CHEMMEM Teber
CHERIF FAROUK
CHIBANI Radhia
CHIHAWI Mohamed
CHOUAYBI THOURAYA
CHOUIGUI AJMI
CHTIOUI Houssemeddine
CHTIOUI Hajer
CHTIOUI Narjess
DABOUSSI Sameh
DARDOUR HOUDA
DGHAIS WAEL
DHIFALLI Wafa
DHOUKAR Aida
DIMASSI HABIB
EL FAYEDH Hassen
EL GHARBI Ramzi
EL HOG AMRI CHIRAZ
EL MAY  Sana
EL MILI Manel
ELOURAGINI Salem
FARHAT Habib
FARJALLAH Mohamed
FATHALLAH Karim
FEKI SOUHEILA
FEKI Nabih
FERJANI SYRINE
FERSI GHOFRANE
FETOUI Mourad
FOUZRI Afif
FRADI Sarra
FRADI HAJER
FREDJ NISSAF
FRIJA Mounir
GARNA Tarek
GARRAB Hatem
GHARRAD Hana
GHILOUFI AHLEM
GHOURABI YOSRA MAHA
GLISSA GHADA
GOUIA Mouna
GUEDRI Lamia
GUERDELLI HAJER
GUERFEL Mohamed
GUIBENE Badii
GUIRAT Leila
GUIZAN Ekram
HABLI HELA
HADJ TAIEB MOHAMED ALI
HAJLAOUI JALELEDINE
HAMDAOUI FEYROUZ
HAMDI BELGACEM
HAMOUDA Mahmoud
HASSEN Mohamed
HASSINE HELA
HATTAB ABROUGUI Hanen
HEDHILI LAMIA
HELALI Leila
HERGLI Raouf
HIZEM Fadwa
HOUAIDIA CHIRAZ
HOUIDI Ajmi
JABLI Nizar
JALLALI FAYCAL
JALLOULI MALIKA
JAOUANI WAHIDA
JELLAD ASMA
JELLAD Amal-ASS
JELLAD MOHAMED LAMINE
KALBOUSSI FREDJ
KALEL Sami
KANZARI Dalel
KARMANI Sourour
KARRAY Sarhan
KECHICHE Jamel
KHALFA Mohamed Abdelatif
KHALFA SANA
KHALFALLAH Ali
KHALFALLI MARWA
KHALIFA Taher
KHALIL Makram
KHELIFA Nour ElHouda
KHEMAJA MAHA
KHEMILI Imed
KHIARI Noomene
KHLIFI Fedia
KHOUAJA Anis
KOUKI MOHAMED
KRAIEM Abdelaziz
KRIBI Badreddine
LAAMOURI Adnène
LAFI Amin
LAHOUAR Samer
LAZREG Maher
LAZREG  Nissen
LEFFET Samia
LOUHICHI Borhene
LOUIZI MEHDI
LOURIMI ALI
MAALEL Ahmed
MABROUK Hanene
MADHI Kamel
MAJDOUB Manel
MAKTOUF HASSEN
MALEK JIHENE
MALKI Wahid
MANSOUR MOUNIR
MANSOURI HASSAN
MATHLOUTHI Houda
MAZGAR Akram
MAZZOUZ SOUHA
MBAREK Souad
MBARKI MOHAMED
MDHAFFAR Afef
MECHI Rachid
MECHRI HoucemEddine
MEDDEB AREF
MEMMI Hanene
MILED Abdelwaheb
MILED FAYCEL
MILED Mariem
MILI MAHER
MTIBAA RIADH
MZABI Nissaf
NAFKHA RAFIKA
NAOUAR Fetiha
NASFI RIHEM
NASR MAHA
NASR SALAH
OMRANI Khaled
OUESLATI Mehrez
OUNI JALEL
OUNI KHALED
RADHOUEN Amina
REZGUI Jihene
ROKBANI Nizar
ROUIS Moeiz
ROUISS Ahmed
SAIDANE Mhamed
SAIDI Faouzi
SASSI Latifa
SAYADI Fatma Ezzahra
SEDDIK Raoudha-Vac
SGHAIER MANEL
SOUANI Chokri
SOUISSI Werda Imen
TALMOUDI Achref Jabeur
TARRACH FREDJ
TERRES Mohamed Ali
TLIJA Mehdi
TLILI SABEUR
TOUNSI Mohamed
TRABELSI Mhamed
TRIKI GARGOURI Dorra
TRIMECH GHDIRA Elhem
WALHAZIH Hajer
YACOUBI SALAMI Leila
ZAALANI Nadhem
ZALILA Siwar
ZEMNI Sadok
ZEMNI Makarem
ZERGANE AMEL
ZINE EL ABIDINE Leila
ZOUAGHI Abderrazak
ZOUAGHI ANIS
ZOUARI Slim
ZRAFI Wissem
ZRIBI Temim
