This file contains any messages produced by compilers while
running configure, to aid debugging if configure makes a mistake.

It was created by configure, which was
generated by GNU Autoconf 2.61.  Invocation command line was

  $ ./configure 

## --------- ##
## Platform. ##
## --------- ##

hostname = dmidma-Lenovo
uname -m = x86_64
uname -r = 4.4.0-31-generic
uname -s = Linux
uname -v = #50-Ubuntu SMP Wed Jul 13 00:07:12 UTC 2016

/usr/bin/uname -p = unknown
/bin/uname -X     = unknown

/bin/arch              = unknown
/usr/bin/arch -k       = unknown
/usr/convex/getsysinfo = unknown
/usr/bin/hostinfo      = unknown
/bin/machine           = unknown
/usr/bin/oslevel       = unknown
/bin/universe          = unknown

PATH: /home/dmidma/.nvm/versions/node/v5.0.0/bin
PATH: /home/dmidma/android-sdks/tools
PATH: /home/dmidma/eclipse/luna-SR2/eclipse
PATH: /usr/local/sbin
PATH: /usr/local/bin
PATH: /usr/sbin
PATH: /usr/bin
PATH: /sbin
PATH: /bin
PATH: /usr/games
PATH: /usr/local/games
PATH: /snap/bin


## ----------- ##
## Core tests. ##
## ----------- ##

configure:1737: checking build system type
configure:1755: result: x86_64-unknown-linux-gnu
configure:1777: checking host system type
configure:1792: result: x86_64-unknown-linux-gnu
configure:1874: checking for gcc
configure:1890: found /usr/bin/gcc
configure:1901: result: gcc
configure:2139: checking for C compiler version
configure:2146: gcc --version >&5
gcc (Ubuntu 5.4.0-6ubuntu1~16.04.1) 5.4.0 20160609
Copyright (C) 2015 Free Software Foundation, Inc.
This is free software; see the source for copying conditions.  There is NO
warranty; not even for MERCHANTABILITY or FITNESS FOR A PARTICULAR PURPOSE.

configure:2149: $? = 0
configure:2156: gcc -v >&5
Using built-in specs.
COLLECT_GCC=gcc
COLLECT_LTO_WRAPPER=/usr/lib/gcc/x86_64-linux-gnu/5/lto-wrapper
Target: x86_64-linux-gnu
Configured with: ../src/configure -v --with-pkgversion='Ubuntu 5.4.0-6ubuntu1~16.04.1' --with-bugurl=file:///usr/share/doc/gcc-5/README.Bugs --enable-languages=c,ada,c++,java,go,d,fortran,objc,obj-c++ --prefix=/usr --program-suffix=-5 --enable-shared --enable-linker-build-id --libexecdir=/usr/lib --without-included-gettext --enable-threads=posix --libdir=/usr/lib --enable-nls --with-sysroot=/ --enable-clocale=gnu --enable-libstdcxx-debug --enable-libstdcxx-time=yes --with-default-libstdcxx-abi=new --enable-gnu-unique-object --disable-vtable-verify --enable-libmpx --enable-plugin --with-system-zlib --disable-browser-plugin --enable-java-awt=gtk --enable-gtk-cairo --with-java-home=/usr/lib/jvm/java-1.5.0-gcj-5-amd64/jre --enable-java-home --with-jvm-root-dir=/usr/lib/jvm/java-1.5.0-gcj-5-amd64 --with-jvm-jar-dir=/usr/lib/jvm-exports/java-1.5.0-gcj-5-amd64 --with-arch-directory=amd64 --with-ecj-jar=/usr/share/java/eclipse-ecj.jar --enable-objc-gc --enable-multiarch --disable-werror --with-arch-32=i686 --with-abi=m64 --with-multilib-list=m32,m64,mx32 --enable-multilib --with-tune=generic --enable-checking=release --build=x86_64-linux-gnu --host=x86_64-linux-gnu --target=x86_64-linux-gnu
Thread model: posix
gcc version 5.4.0 20160609 (Ubuntu 5.4.0-6ubuntu1~16.04.1) 
configure:2159: $? = 0
configure:2166: gcc -V >&5
gcc: error: unrecognized command line option '-V'
gcc: fatal error: no input files
compilation terminated.
configure:2169: $? = 1
configure:2192: checking for C compiler default output file name
configure:2219: gcc    conftest.c  >&5
configure:2222: $? = 0
configure:2260: result: a.out
configure:2277: checking whether the C compiler works
configure:2287: ./a.out
configure:2290: $? = 0
configure:2307: result: yes
configure:2314: checking whether we are cross compiling
configure:2316: result: no
configure:2319: checking for suffix of executables
configure:2326: gcc -o conftest    conftest.c  >&5
configure:2329: $? = 0
configure:2353: result: 
configure:2359: checking for suffix of object files
configure:2385: gcc -c   conftest.c >&5
configure:2388: $? = 0
configure:2411: result: o
configure:2415: checking whether we are using the GNU C compiler
configure:2444: gcc -c   conftest.c >&5
configure:2450: $? = 0
configure:2467: result: yes
configure:2472: checking whether gcc accepts -g
configure:2502: gcc -c -g  conftest.c >&5
configure:2508: $? = 0
configure:2607: result: yes
configure:2624: checking for gcc option to accept ISO C89
configure:2698: gcc  -c -g -O2  conftest.c >&5
configure:2704: $? = 0
configure:2727: result: none needed
configure:2776: checking for a BSD-compatible install
configure:2832: result: /usr/bin/install -c
configure:2848: checking for strerror
configure:2904: gcc -o conftest -g -O2 -pipe -Wno-unused -Wshadow -Wbad-function-cast -Wmissing-prototypes -Wstrict-prototypes -Wcast-align -Wcast-qual -Wpointer-arith -Wcast-align -Wwrite-strings -Wmissing-declarations -Wnested-externs -Wundef -pedantic -fno-common   -g conftest.c  >&5
conftest.c:31:1: warning: function declaration isn't a prototype [-Wstrict-prototypes]
 char strerror ();
 ^
conftest.c:40:1: warning: function declaration isn't a prototype [-Wstrict-prototypes]
 main ()
 ^
configure:2910: $? = 0
configure:2928: result: yes
configure:2938: checking for library containing regcomp
configure:2979: gcc -o conftest -g -O2 -pipe -Wno-unused -Wshadow -Wbad-function-cast -Wmissing-prototypes -Wstrict-prototypes -Wcast-align -Wcast-qual -Wpointer-arith -Wcast-align -Wwrite-strings -Wmissing-declarations -Wnested-externs -Wundef -pedantic -fno-common   -g conftest.c  >&5
conftest.c:16:1: warning: function declaration isn't a prototype [-Wstrict-prototypes]
 char regcomp ();
 ^
conftest.c:18:1: warning: function declaration isn't a prototype [-Wstrict-prototypes]
 main ()
 ^
configure:2985: $? = 0
configure:3013: result: none required
configure:3022: checking for broken realloc
configure:3060: gcc -o conftest -g -O2 -pipe -Wno-unused -Wshadow -Wbad-function-cast -Wmissing-prototypes -Wstrict-prototypes -Wcast-align -Wcast-qual -Wpointer-arith -Wcast-align -Wwrite-strings -Wmissing-declarations -Wnested-externs -Wundef -pedantic -fno-common   -g conftest.c  >&5
conftest.c: In function 'main':
conftest.c:21:3: warning: ignoring return value of 'realloc', declared with attribute warn_unused_result [-Wunused-result]
   realloc((void*)0,1);
   ^
configure:3063: $? = 0
configure:3069: ./conftest
configure:3072: $? = 0
configure:3074: result: no
configure:3096: checking for msgfmt
configure:3112: found /usr/bin/msgfmt
configure:3124: result: yes
configure:3139: checking how to run the C preprocessor
configure:3179: gcc -E  conftest.c
configure:3185: $? = 0
configure:3216: gcc -E  conftest.c
conftest.c:9:28: fatal error: ac_nonexistent.h: No such file or directory
compilation terminated.
configure:3222: $? = 1
configure: failed program was:
| /* confdefs.h.  */
| #define PACKAGE_NAME ""
| #define PACKAGE_TARNAME ""
| #define PACKAGE_VERSION ""
| #define PACKAGE_STRING ""
| #define PACKAGE_BUGREPORT ""
| #define HAVE_STRERROR 1
| /* end confdefs.h.  */
| #include <ac_nonexistent.h>
configure:3255: result: gcc -E
configure:3284: gcc -E  conftest.c
configure:3290: $? = 0
configure:3321: gcc -E  conftest.c
conftest.c:9:28: fatal error: ac_nonexistent.h: No such file or directory
compilation terminated.
configure:3327: $? = 1
configure: failed program was:
| /* confdefs.h.  */
| #define PACKAGE_NAME ""
| #define PACKAGE_TARNAME ""
| #define PACKAGE_VERSION ""
| #define PACKAGE_STRING ""
| #define PACKAGE_BUGREPORT ""
| #define HAVE_STRERROR 1
| /* end confdefs.h.  */
| #include <ac_nonexistent.h>
configure:3365: checking for grep that handles long lines and -e
configure:3439: result: /bin/grep
configure:3444: checking for egrep
configure:3522: result: /bin/grep -E
configure:3527: checking for ANSI C header files
configure:3557: gcc -c -g -O2 -pipe -Wno-unused -Wshadow -Wbad-function-cast -Wmissing-prototypes -Wstrict-prototypes -Wcast-align -Wcast-qual -Wpointer-arith -Wcast-align -Wwrite-strings -Wmissing-declarations -Wnested-externs -Wundef -pedantic -fno-common  conftest.c >&5
conftest.c:15:1: warning: function declaration isn't a prototype [-Wstrict-prototypes]
 main ()
 ^
configure:3563: $? = 0
configure:3662: gcc -o conftest -g -O2 -pipe -Wno-unused -Wshadow -Wbad-function-cast -Wmissing-prototypes -Wstrict-prototypes -Wcast-align -Wcast-qual -Wpointer-arith -Wcast-align -Wwrite-strings -Wmissing-declarations -Wnested-externs -Wundef -pedantic -fno-common   -g conftest.c  >&5
conftest.c:21:1: warning: function declaration isn't a prototype [-Wstrict-prototypes]
 main ()
 ^
configure:3665: $? = 0
configure:3671: ./conftest
configure:3674: $? = 0
configure:3691: result: yes
configure:3715: checking for sys/types.h
configure:3736: gcc -c -g -O2 -pipe -Wno-unused -Wshadow -Wbad-function-cast -Wmissing-prototypes -Wstrict-prototypes -Wcast-align -Wcast-qual -Wpointer-arith -Wcast-align -Wwrite-strings -Wmissing-declarations -Wnested-externs -Wundef -pedantic -fno-common  conftest.c >&5
configure:3742: $? = 0
configure:3758: result: yes
configure:3715: checking for sys/stat.h
configure:3736: gcc -c -g -O2 -pipe -Wno-unused -Wshadow -Wbad-function-cast -Wmissing-prototypes -Wstrict-prototypes -Wcast-align -Wcast-qual -Wpointer-arith -Wcast-align -Wwrite-strings -Wmissing-declarations -Wnested-externs -Wundef -pedantic -fno-common  conftest.c >&5
configure:3742: $? = 0
configure:3758: result: yes
configure:3715: checking for stdlib.h
configure:3736: gcc -c -g -O2 -pipe -Wno-unused -Wshadow -Wbad-function-cast -Wmissing-prototypes -Wstrict-prototypes -Wcast-align -Wcast-qual -Wpointer-arith -Wcast-align -Wwrite-strings -Wmissing-declarations -Wnested-externs -Wundef -pedantic -fno-common  conftest.c >&5
configure:3742: $? = 0
configure:3758: result: yes
configure:3715: checking for string.h
configure:3736: gcc -c -g -O2 -pipe -Wno-unused -Wshadow -Wbad-function-cast -Wmissing-prototypes -Wstrict-prototypes -Wcast-align -Wcast-qual -Wpointer-arith -Wcast-align -Wwrite-strings -Wmissing-declarations -Wnested-externs -Wundef -pedantic -fno-common  conftest.c >&5
configure:3742: $? = 0
configure:3758: result: yes
configure:3715: checking for memory.h
configure:3736: gcc -c -g -O2 -pipe -Wno-unused -Wshadow -Wbad-function-cast -Wmissing-prototypes -Wstrict-prototypes -Wcast-align -Wcast-qual -Wpointer-arith -Wcast-align -Wwrite-strings -Wmissing-declarations -Wnested-externs -Wundef -pedantic -fno-common  conftest.c >&5
configure:3742: $? = 0
configure:3758: result: yes
configure:3715: checking for strings.h
configure:3736: gcc -c -g -O2 -pipe -Wno-unused -Wshadow -Wbad-function-cast -Wmissing-prototypes -Wstrict-prototypes -Wcast-align -Wcast-qual -Wpointer-arith -Wcast-align -Wwrite-strings -Wmissing-declarations -Wnested-externs -Wundef -pedantic -fno-common  conftest.c >&5
configure:3742: $? = 0
configure:3758: result: yes
configure:3715: checking for inttypes.h
configure:3736: gcc -c -g -O2 -pipe -Wno-unused -Wshadow -Wbad-function-cast -Wmissing-prototypes -Wstrict-prototypes -Wcast-align -Wcast-qual -Wpointer-arith -Wcast-align -Wwrite-strings -Wmissing-declarations -Wnested-externs -Wundef -pedantic -fno-common  conftest.c >&5
configure:3742: $? = 0
configure:3758: result: yes
configure:3715: checking for stdint.h
configure:3736: gcc -c -g -O2 -pipe -Wno-unused -Wshadow -Wbad-function-cast -Wmissing-prototypes -Wstrict-prototypes -Wcast-align -Wcast-qual -Wpointer-arith -Wcast-align -Wwrite-strings -Wmissing-declarations -Wnested-externs -Wundef -pedantic -fno-common  conftest.c >&5
configure:3742: $? = 0
configure:3758: result: yes
configure:3715: checking for unistd.h
configure:3736: gcc -c -g -O2 -pipe -Wno-unused -Wshadow -Wbad-function-cast -Wmissing-prototypes -Wstrict-prototypes -Wcast-align -Wcast-qual -Wpointer-arith -Wcast-align -Wwrite-strings -Wmissing-declarations -Wnested-externs -Wundef -pedantic -fno-common  conftest.c >&5
configure:3742: $? = 0
configure:3758: result: yes
configure:3785: checking libintl.h usability
configure:3802: gcc -c -g -O2 -pipe -Wno-unused -Wshadow -Wbad-function-cast -Wmissing-prototypes -Wstrict-prototypes -Wcast-align -Wcast-qual -Wpointer-arith -Wcast-align -Wwrite-strings -Wmissing-declarations -Wnested-externs -Wundef -pedantic -fno-common  conftest.c >&5
configure:3808: $? = 0
configure:3822: result: yes
configure:3826: checking libintl.h presence
configure:3841: gcc -E  conftest.c
configure:3847: $? = 0
configure:3861: result: yes
configure:3889: checking for libintl.h
configure:3897: result: yes
configure:3912: checking for library containing gettext
configure:3953: gcc -o conftest -g -O2 -pipe -Wno-unused -Wshadow -Wbad-function-cast -Wmissing-prototypes -Wstrict-prototypes -Wcast-align -Wcast-qual -Wpointer-arith -Wcast-align -Wwrite-strings -Wmissing-declarations -Wnested-externs -Wundef -pedantic -fno-common   -g conftest.c  >&5
conftest.c:27:1: warning: function declaration isn't a prototype [-Wstrict-prototypes]
 char gettext ();
 ^
conftest.c:27:6: warning: conflicting types for built-in function 'gettext'
 char gettext ();
      ^
conftest.c:29:1: warning: function declaration isn't a prototype [-Wstrict-prototypes]
 main ()
 ^
configure:3959: $? = 0
configure:3987: result: none required
configure:4112: creating ./config.status

## ---------------------- ##
## Running config.status. ##
## ---------------------- ##

This file was extended by config.status, which was
generated by GNU Autoconf 2.61.  Invocation command line was

  CONFIG_FILES    = 
  CONFIG_HEADERS  = 
  CONFIG_LINKS    = 
  CONFIG_COMMANDS = 
  $ ./config.status 

on dmidma-Lenovo

config.status:614: creating Makefile
config.status:614: creating diction.1
config.status:614: creating diction.texi
config.status:614: creating diction.spec
config.status:614: creating style.1
config.status:614: creating test/rundiction
config.status:614: creating config.h
config.status:836: config.h is unchanged

## ---------------- ##
## Cache variables. ##
## ---------------- ##

ac_cv_build=x86_64-unknown-linux-gnu
ac_cv_c_compiler_gnu=yes
ac_cv_env_CC_set=
ac_cv_env_CC_value=
ac_cv_env_CFLAGS_set=
ac_cv_env_CFLAGS_value=
ac_cv_env_CPPFLAGS_set=
ac_cv_env_CPPFLAGS_value=
ac_cv_env_CPP_set=
ac_cv_env_CPP_value=
ac_cv_env_LDFLAGS_set=
ac_cv_env_LDFLAGS_value=
ac_cv_env_LIBS_set=
ac_cv_env_LIBS_value=
ac_cv_env_build_alias_set=
ac_cv_env_build_alias_value=
ac_cv_env_host_alias_set=
ac_cv_env_host_alias_value=
ac_cv_env_target_alias_set=
ac_cv_env_target_alias_value=
ac_cv_func_strerror=yes
ac_cv_header_inttypes_h=yes
ac_cv_header_libintl_h=yes
ac_cv_header_memory_h=yes
ac_cv_header_stdc=yes
ac_cv_header_stdint_h=yes
ac_cv_header_stdlib_h=yes
ac_cv_header_string_h=yes
ac_cv_header_strings_h=yes
ac_cv_header_sys_stat_h=yes
ac_cv_header_sys_types_h=yes
ac_cv_header_unistd_h=yes
ac_cv_host=x86_64-unknown-linux-gnu
ac_cv_objext=o
ac_cv_path_EGREP='/bin/grep -E'
ac_cv_path_GREP=/bin/grep
ac_cv_path_install='/usr/bin/install -c'
ac_cv_prog_CPP='gcc -E'
ac_cv_prog_MSGFMT=yes
ac_cv_prog_ac_ct_CC=gcc
ac_cv_prog_cc_c89=
ac_cv_prog_cc_g=yes
ac_cv_search_gettext='none required'
ac_cv_search_regcomp='none required'

## ----------------- ##
## Output variables. ##
## ----------------- ##

CC='gcc'
CFLAGS='-g -O2 -pipe -Wno-unused -Wshadow -Wbad-function-cast -Wmissing-prototypes -Wstrict-prototypes -Wcast-align -Wcast-qual -Wpointer-arith -Wcast-align -Wwrite-strings -Wmissing-declarations -Wnested-externs -Wundef -pedantic -fno-common'
CPP='gcc -E'
CPPFLAGS=''
DATADIR='${prefix}/share'
DEFS='-DHAVE_CONFIG_H'
ECHO_C=''
ECHO_N='-n'
ECHO_T=''
EGREP='/bin/grep -E'
EXEEXT=''
GREP='/bin/grep'
INSTALL_DATA='${INSTALL} -m 644'
INSTALL_PROGRAM='${INSTALL}'
INSTALL_SCRIPT='${INSTALL}'
LDFLAGS=' -g'
LIBOBJS=''
LIBS=''
LTLIBOBJS=''
MSGFMT='yes'
OBJEXT='o'
PACKAGE_BUGREPORT=''
PACKAGE_NAME=''
PACKAGE_STRING=''
PACKAGE_TARNAME=''
PACKAGE_VERSION=''
PATH_SEPARATOR=':'
SHELL='/bin/bash'
UPDATED='August 30th, 2007'
USE_NLS='yes'
VALGRIND=''
VERSION='1.11'
ac_ct_CC='gcc'
bindir='${exec_prefix}/bin'
build='x86_64-unknown-linux-gnu'
build_alias=''
build_cpu='x86_64'
build_os='linux-gnu'
build_vendor='unknown'
datadir='${datarootdir}'
datarootdir='${prefix}/share'
docdir='${datarootdir}/doc/${PACKAGE}'
dvidir='${docdir}'
exec_prefix='${prefix}'
host='x86_64-unknown-linux-gnu'
host_alias=''
host_cpu='x86_64'
host_os='linux-gnu'
host_vendor='unknown'
htmldir='${docdir}'
includedir='${prefix}/include'
infodir='${datarootdir}/info'
libdir='${exec_prefix}/lib'
libexecdir='${exec_prefix}/libexec'
localedir='${datarootdir}/locale'
localstatedir='${prefix}/var'
mandir='${datarootdir}/man'
oldincludedir='/usr/include'
pdfdir='${docdir}'
prefix='/usr/local'
program_transform_name='s,x,x,'
psdir='${docdir}'
sbindir='${exec_prefix}/sbin'
sharedstatedir='${prefix}/com'
sysconfdir='${prefix}/etc'
target_alias=''

## ----------- ##
## confdefs.h. ##
## ----------- ##

#define PACKAGE_NAME ""
#define PACKAGE_TARNAME ""
#define PACKAGE_VERSION ""
#define PACKAGE_STRING ""
#define PACKAGE_BUGREPORT ""
#define HAVE_STRERROR 1
#define STDC_HEADERS 1
#define HAVE_SYS_TYPES_H 1
#define HAVE_SYS_STAT_H 1
#define HAVE_STDLIB_H 1
#define HAVE_STRING_H 1
#define HAVE_MEMORY_H 1
#define HAVE_STRINGS_H 1
#define HAVE_INTTYPES_H 1
#define HAVE_STDINT_H 1
#define HAVE_UNISTD_H 1
#define HAVE_LIBINTL_H 1
#define HAVE_GETTEXT 1
#define VERSION "1.11"

configure: exit 0
